<?xml version="1.0" encoding="UTF-8"?>
<!-- Generated by org.testng.reporters.JUnitReportReporter -->
<testsuite hostname="DESKTOP-ALJ1I0Q" failures="0" tests="3" name="com.phptravels.qa.testcases.LoginHomePageTest" time="23.918" errors="0" timestamp="2020-06-16T19:57:15 EDT" skipped="0">
  <testcase classname="com.phptravels.qa.testcases.LoginHomePageTest" name="loginPageTitleTest" time="8.338"/>
  <system-out/>
  <testcase classname="com.phptravels.qa.testcases.LoginHomePageTest" name="validateLoginImgTest" time="7.742"/>
  <system-out/>
  <testcase classname="com.phptravels.qa.testcases.LoginHomePageTest" name="loginTest" time="7.838"/>
  <system-out/>
</testsuite> <!-- com.phptravels.qa.testcases.LoginHomePageTest -->
