<?xml version="1.0" encoding="UTF-8"?>
<!-- Generated by org.testng.reporters.JUnitReportReporter -->
<testsuite hostname="DESKTOP-ALJ1I0Q" failures="0" tests="9" name="com.phptravels.qa.testcases.IndexPageTest" time="71.498" errors="0" timestamp="2020-07-03T20:03:41 EDT" skipped="0">
  <testcase classname="com.phptravels.qa.testcases.IndexPageTest" name="validateCheckPricingLink" time="7.066"/>
  <system-out/>
  <testcase classname="com.phptravels.qa.testcases.IndexPageTest" name="validateLoginLink" time="7.114"/>
  <system-out/>
  <testcase classname="com.phptravels.qa.testcases.IndexPageTest" name="validateLogoLink" time="12.242"/>
  <system-out/>
  <testcase classname="com.phptravels.qa.testcases.IndexPageTest" name="validateBlogLink" time="8.196"/>
  <system-out/>
  <testcase classname="com.phptravels.qa.testcases.IndexPageTest" name="validateAdminAccountHomePage" time="6.976"/>
  <system-out/>
  <testcase classname="com.phptravels.qa.testcases.IndexPageTest" name="validateHomePageFrontUserHomePage" time="7.869"/>
  <system-out/>
  <testcase classname="com.phptravels.qa.testcases.IndexPageTest" name="validateExploreDemoPage" time="8.052"/>
  <system-out/>
  <testcase classname="com.phptravels.qa.testcases.IndexPageTest" name="validateDocsLink" time="7.177"/>
  <system-out/>
  <testcase classname="com.phptravels.qa.testcases.IndexPageTest" name="indexPageTitleTest" time="6.806"/>
  <system-out/>
</testsuite> <!-- com.phptravels.qa.testcases.IndexPageTest -->
