<?xml version="1.0" encoding="UTF-8"?>
<!-- Generated by org.testng.reporters.JUnitReportReporter -->
<testsuite hostname="DESKTOP-ALJ1I0Q" failures="0" tests="13" name="com.phptravels.qa.testcases.AdminAccountHomeSuppliersPageTest" time="229.382" errors="0" timestamp="2020-07-03T20:03:41 EDT" skipped="0">
  <testcase classname="com.phptravels.qa.testcases.AdminAccountHomeSuppliersPageTest" name="loginPageTitleTest" time="11.483"/>
  <system-out/>
  <testcase classname="com.phptravels.qa.testcases.AdminAccountHomeSuppliersPageTest" name="validateLogoImg" time="12.823"/>
  <system-out/>
  <testcase classname="com.phptravels.qa.testcases.AdminAccountHomeSuppliersPageTest" name="clickOnSuppliers" time="20.382"/>
  <system-out/>
  <testcase classname="com.phptravels.qa.testcases.AdminAccountHomeSuppliersPageTest" name="clickOnSuppliers" time="19.898"/>
  <system-out/>
  <testcase classname="com.phptravels.qa.testcases.AdminAccountHomeSuppliersPageTest" name="clickOnSuppliers" time="16.718"/>
  <system-out/>
  <testcase classname="com.phptravels.qa.testcases.AdminAccountHomeSuppliersPageTest" name="clickOnSuppliers" time="16.953"/>
  <system-out/>
  <testcase classname="com.phptravels.qa.testcases.AdminAccountHomeSuppliersPageTest" name="clickOnSuppliers" time="19.142"/>
  <system-out/>
  <testcase classname="com.phptravels.qa.testcases.AdminAccountHomeSuppliersPageTest" name="clickOnSuppliers" time="19.106"/>
  <system-out/>
  <testcase classname="com.phptravels.qa.testcases.AdminAccountHomeSuppliersPageTest" name="clickOnSuppliers" time="18.259"/>
  <system-out/>
  <testcase classname="com.phptravels.qa.testcases.AdminAccountHomeSuppliersPageTest" name="clickOnSuppliers" time="19.241"/>
  <system-out/>
  <testcase classname="com.phptravels.qa.testcases.AdminAccountHomeSuppliersPageTest" name="clickOnSuppliers" time="18.794"/>
  <system-out/>
  <testcase classname="com.phptravels.qa.testcases.AdminAccountHomeSuppliersPageTest" name="clickOnSuppliers" time="17.704"/>
  <system-out/>
  <testcase classname="com.phptravels.qa.testcases.AdminAccountHomeSuppliersPageTest" name="clickOnSuppliers" time="18.879"/>
  <system-out/>
</testsuite> <!-- com.phptravels.qa.testcases.AdminAccountHomeSuppliersPageTest -->
