<?xml version="1.0" encoding="UTF-8"?>
<!-- Generated by org.testng.reporters.JUnitReportReporter -->
<testsuite hostname="DESKTOP-ALJ1I0Q" failures="0" tests="2" name="com.phptravels.qa.testcases.AdminAccountHomePageTest" time="22.349" errors="0" timestamp="2020-07-03T20:03:41 EDT" skipped="0">
  <testcase classname="com.phptravels.qa.testcases.AdminAccountHomePageTest" name="loginPageTitleTest" time="10.821"/>
  <system-out/>
  <testcase classname="com.phptravels.qa.testcases.AdminAccountHomePageTest" name="clickOnSuppliers" time="11.528"/>
  <system-out/>
</testsuite> <!-- com.phptravels.qa.testcases.AdminAccountHomePageTest -->
