<?xml version="1.0" encoding="UTF-8"?>
<!-- Generated by org.testng.reporters.JUnitReportReporter -->
<testsuite hostname="DESKTOP-ALJ1I0Q" failures="0" tests="7" name="com.phptravels.qa.testcases.HomePageFrontUserHomePageTest" time="80.919" errors="0" timestamp="2020-07-03T20:03:41 EDT" skipped="0">
  <testcase classname="com.phptravels.qa.testcases.HomePageFrontUserHomePageTest" name="validateLoginPage" time="13.816"/>
  <system-out/>
  <testcase classname="com.phptravels.qa.testcases.HomePageFrontUserHomePageTest" name="validatePageTitle" time="10.632"/>
  <system-out/>
  <testcase classname="com.phptravels.qa.testcases.HomePageFrontUserHomePageTest" name="validateSignInPage" time="11.809"/>
  <system-out/>
  <testcase classname="com.phptravels.qa.testcases.HomePageFrontUserHomePageTest" name="fillOutTheForm" time="14.071"/>
  <system-out/>
  <testcase classname="com.phptravels.qa.testcases.HomePageFrontUserHomePageTest" name="chooseLanguage" time="11.535"/>
  <system-out/>
  <testcase classname="com.phptravels.qa.testcases.HomePageFrontUserHomePageTest" name="validateImgLogo" time="9.135"/>
  <system-out/>
  <testcase classname="com.phptravels.qa.testcases.HomePageFrontUserHomePageTest" name="chooseCurrency" time="9.921"/>
  <system-out/>
</testsuite> <!-- com.phptravels.qa.testcases.HomePageFrontUserHomePageTest -->
