<?xml version="1.0" encoding="UTF-8"?>
<!-- Generated by org.testng.reporters.JUnitReportReporter -->
<testsuite hostname="DESKTOP-ALJ1I0Q" failures="0" tests="3" name="com.phptravels.qa.testcases.HomePageFrontUserLoginPageTest" time="35.719" errors="0" timestamp="2020-07-03T20:03:41 EDT" skipped="0">
  <testcase classname="com.phptravels.qa.testcases.HomePageFrontUserLoginPageTest" name="loginPageTitleTest" time="10.034"/>
  <system-out/>
  <testcase classname="com.phptravels.qa.testcases.HomePageFrontUserLoginPageTest" name="validateLoginImgTest" time="13.647"/>
  <system-out/>
  <testcase classname="com.phptravels.qa.testcases.HomePageFrontUserLoginPageTest" name="loginTest" time="12.038"/>
  <system-out/>
</testsuite> <!-- com.phptravels.qa.testcases.HomePageFrontUserLoginPageTest -->
