<?xml version="1.0" encoding="UTF-8"?>
<!-- Generated by org.testng.reporters.JUnitReportReporter -->
<testsuite hostname="DESKTOP-ALJ1I0Q" failures="0" tests="13" name="com.phptravels.qa.testcases.AdminAccountHomeSuppliersPageTest" time="290.975" errors="0" timestamp="2020-07-22T16:43:08 EDT" skipped="0">
  <testcase classname="com.phptravels.qa.testcases.AdminAccountHomeSuppliersPageTest" name="loginPageTitleTest" time="16.826"/>
  <system-out/>
  <testcase classname="com.phptravels.qa.testcases.AdminAccountHomeSuppliersPageTest" name="validateLogoImg" time="18.131"/>
  <system-out/>
  <testcase classname="com.phptravels.qa.testcases.AdminAccountHomeSuppliersPageTest" name="clickOnSuppliers" time="22.117"/>
  <system-out/>
  <testcase classname="com.phptravels.qa.testcases.AdminAccountHomeSuppliersPageTest" name="clickOnSuppliers" time="25.424"/>
  <system-out/>
  <testcase classname="com.phptravels.qa.testcases.AdminAccountHomeSuppliersPageTest" name="clickOnSuppliers" time="20.674"/>
  <system-out/>
  <testcase classname="com.phptravels.qa.testcases.AdminAccountHomeSuppliersPageTest" name="clickOnSuppliers" time="21.452"/>
  <system-out/>
  <testcase classname="com.phptravels.qa.testcases.AdminAccountHomeSuppliersPageTest" name="clickOnSuppliers" time="26.356"/>
  <system-out/>
  <testcase classname="com.phptravels.qa.testcases.AdminAccountHomeSuppliersPageTest" name="clickOnSuppliers" time="20.485"/>
  <system-out/>
  <testcase classname="com.phptravels.qa.testcases.AdminAccountHomeSuppliersPageTest" name="clickOnSuppliers" time="22.589"/>
  <system-out/>
  <testcase classname="com.phptravels.qa.testcases.AdminAccountHomeSuppliersPageTest" name="clickOnSuppliers" time="22.205"/>
  <system-out/>
  <testcase classname="com.phptravels.qa.testcases.AdminAccountHomeSuppliersPageTest" name="clickOnSuppliers" time="25.107"/>
  <system-out/>
  <testcase classname="com.phptravels.qa.testcases.AdminAccountHomeSuppliersPageTest" name="clickOnSuppliers" time="27.143"/>
  <system-out/>
  <testcase classname="com.phptravels.qa.testcases.AdminAccountHomeSuppliersPageTest" name="clickOnSuppliers" time="22.466"/>
  <system-out/>
</testsuite> <!-- com.phptravels.qa.testcases.AdminAccountHomeSuppliersPageTest -->
