<?xml version="1.0" encoding="UTF-8"?>
<!-- Generated by org.testng.reporters.JUnitReportReporter -->
<testsuite hostname="DESKTOP-ALJ1I0Q" failures="0" tests="2" name="com.phptravels.qa.testcases.AdminAccountLoginPageTest" time="30.595" errors="0" timestamp="2020-07-22T16:43:08 EDT" skipped="0">
  <testcase classname="com.phptravels.qa.testcases.AdminAccountLoginPageTest" name="loginPageTitleTest" time="18.395"/>
  <system-out/>
  <testcase classname="com.phptravels.qa.testcases.AdminAccountLoginPageTest" name="loginTest" time="12.200"/>
  <system-out/>
</testsuite> <!-- com.phptravels.qa.testcases.AdminAccountLoginPageTest -->
