<?xml version="1.0" encoding="UTF-8"?>
<!-- Generated by org.testng.reporters.JUnitReportReporter -->
<testsuite hostname="DESKTOP-ALJ1I0Q" failures="0" tests="9" name="com.phptravels.qa.testcases.IndexPageTest" time="79.167" errors="0" timestamp="2020-07-22T16:43:08 EDT" skipped="0">
  <testcase classname="com.phptravels.qa.testcases.IndexPageTest" name="validateLogoLink" time="12.996"/>
  <system-out/>
  <testcase classname="com.phptravels.qa.testcases.IndexPageTest" name="validateDocsLink" time="7.817"/>
  <system-out/>
  <testcase classname="com.phptravels.qa.testcases.IndexPageTest" name="validateAdminAccountHomePage" time="7.596"/>
  <system-out/>
  <testcase classname="com.phptravels.qa.testcases.IndexPageTest" name="validateCheckPricingLink" time="8.266"/>
  <system-out/>
  <testcase classname="com.phptravels.qa.testcases.IndexPageTest" name="validateExploreDemoPage" time="9.875"/>
  <system-out/>
  <testcase classname="com.phptravels.qa.testcases.IndexPageTest" name="validateHomePageFrontUserHomePage" time="7.965"/>
  <system-out/>
  <testcase classname="com.phptravels.qa.testcases.IndexPageTest" name="validateBlogLink" time="8.630"/>
  <system-out/>
  <testcase classname="com.phptravels.qa.testcases.IndexPageTest" name="validateLoginLink" time="7.518"/>
  <system-out/>
  <testcase classname="com.phptravels.qa.testcases.IndexPageTest" name="indexPageTitleTest" time="8.504"/>
  <system-out/>
</testsuite> <!-- com.phptravels.qa.testcases.IndexPageTest -->
