<?xml version="1.0" encoding="UTF-8"?>
<!-- Generated by org.testng.reporters.JUnitReportReporter -->
<testsuite hostname="DESKTOP-ALJ1I0Q" failures="0" tests="3" name="com.phptravels.qa.testcases.HomePageFrontUserLoginPageTest" time="38.065" errors="0" timestamp="2020-07-22T16:43:07 EDT" skipped="0">
  <testcase classname="com.phptravels.qa.testcases.HomePageFrontUserLoginPageTest" name="loginPageTitleTest" time="12.857"/>
  <system-out/>
  <testcase classname="com.phptravels.qa.testcases.HomePageFrontUserLoginPageTest" name="validateLoginImgTest" time="12.813"/>
  <system-out/>
  <testcase classname="com.phptravels.qa.testcases.HomePageFrontUserLoginPageTest" name="loginTest" time="12.395"/>
  <system-out/>
</testsuite> <!-- com.phptravels.qa.testcases.HomePageFrontUserLoginPageTest -->
